<?xml version="1.0" encoding="UTF-8"?>
<testsuite name="com.tfedorov.inteview.daily_coding_problem.amazon.ContiguousSubarray" tests="2" skipped="0" failures="0" errors="0" timestamp="2025-03-12T10:45:26" hostname="C12075" time="0.005">
  <properties/>
  <testcase name="contiguos0Test()" classname="com.tfedorov.inteview.daily_coding_problem.amazon.ContiguousSubarray" time="0.003"/>
  <testcase name="contiguosDefTest()" classname="com.tfedorov.inteview.daily_coding_problem.amazon.ContiguousSubarray" time="0.001"/>
  <system-out><![CDATA[]]></system-out>
  <system-err><![CDATA[]]></system-err>
</testsuite>
