<?xml version="1.0" encoding="UTF-8"?>
<testsuite name="com.tfedorov.inteview.daily_coding_problem.google.GoogleChecsTurn" tests="1" skipped="1" failures="0" errors="0" timestamp="2025-03-12T10:45:26" hostname="C12075" time="0.003">
  <properties/>
  <testcase name="board8on8Test()" classname="com.tfedorov.inteview.daily_coding_problem.google.GoogleChecsTurn" time="0.003">
    <skipped/>
  </testcase>
  <system-out><![CDATA[]]></system-out>
  <system-err><![CDATA[]]></system-err>
</testsuite>
