<?xml version="1.0" encoding="UTF-8"?>
<testsuite name="com.tfedorov.inteview.daily_coding_problem.NuberK" tests="1" skipped="0" failures="0" errors="0" timestamp="2025-03-12T10:44:16" hostname="C12075" time="0.022">
  <properties/>
  <testcase name="task1Test()" classname="com.tfedorov.inteview.daily_coding_problem.NuberK" time="0.022"/>
  <system-out><![CDATA[]]></system-out>
  <system-err><![CDATA[]]></system-err>
</testsuite>
