<?xml version="1.0" encoding="UTF-8"?>
<testsuite name="com.tfedorov.inteview.daily_coding_problem.google.GoogleWordDistanceTest" tests="7" skipped="0" failures="0" errors="0" timestamp="2025-03-12T10:45:27" hostname="C12075" time="0.016">
  <properties/>
  <testcase name="custom2Test()" classname="com.tfedorov.inteview.daily_coding_problem.google.GoogleWordDistanceTest" time="0.007"/>
  <testcase name="custom3Test()" classname="com.tfedorov.inteview.daily_coding_problem.google.GoogleWordDistanceTest" time="0.002"/>
  <testcase name="custom4Test()" classname="com.tfedorov.inteview.daily_coding_problem.google.GoogleWordDistanceTest" time="0.001"/>
  <testcase name="custom5Test()" classname="com.tfedorov.inteview.daily_coding_problem.google.GoogleWordDistanceTest" time="0.002"/>
  <testcase name="custom2ReverseTest()" classname="com.tfedorov.inteview.daily_coding_problem.google.GoogleWordDistanceTest" time="0.001"/>
  <testcase name="defaultTest()" classname="com.tfedorov.inteview.daily_coding_problem.google.GoogleWordDistanceTest" time="0.001"/>
  <testcase name="custom2addTest()" classname="com.tfedorov.inteview.daily_coding_problem.google.GoogleWordDistanceTest" time="0.0"/>
  <system-out><![CDATA[]]></system-out>
  <system-err><![CDATA[]]></system-err>
</testsuite>
