<?xml version="1.0" encoding="UTF-8"?>
<testsuite name="com.tfedorov.inteview.daily_coding_problem.facebook.FacebookRegexTest" tests="11" skipped="0" failures="0" errors="0" timestamp="2025-03-12T10:45:26" hostname="C12075" time="0.019">
  <properties/>
  <testcase name="default1Test()" classname="com.tfedorov.inteview.daily_coding_problem.facebook.FacebookRegexTest" time="0.006"/>
  <testcase name="default2Test()" classname="com.tfedorov.inteview.daily_coding_problem.facebook.FacebookRegexTest" time="0.0"/>
  <testcase name="customAster2Test()" classname="com.tfedorov.inteview.daily_coding_problem.facebook.FacebookRegexTest" time="0.001"/>
  <testcase name="customAster3Test()" classname="com.tfedorov.inteview.daily_coding_problem.facebook.FacebookRegexTest" time="0.001"/>
  <testcase name="customAster4Test()" classname="com.tfedorov.inteview.daily_coding_problem.facebook.FacebookRegexTest" time="0.0"/>
  <testcase name="customAster5Test()" classname="com.tfedorov.inteview.daily_coding_problem.facebook.FacebookRegexTest" time="0.0"/>
  <testcase name="customAster6Test()" classname="com.tfedorov.inteview.daily_coding_problem.facebook.FacebookRegexTest" time="0.0"/>
  <testcase name="defaultAsterTest()" classname="com.tfedorov.inteview.daily_coding_problem.facebook.FacebookRegexTest" time="0.002"/>
  <testcase name="defaultAster2Test()" classname="com.tfedorov.inteview.daily_coding_problem.facebook.FacebookRegexTest" time="0.001"/>
  <testcase name="customAsterTest()" classname="com.tfedorov.inteview.daily_coding_problem.facebook.FacebookRegexTest" time="0.0"/>
  <testcase name="extra1Test()" classname="com.tfedorov.inteview.daily_coding_problem.facebook.FacebookRegexTest" time="0.001"/>
  <system-out><![CDATA[]]></system-out>
  <system-err><![CDATA[]]></system-err>
</testsuite>
