<?xml version="1.0" encoding="UTF-8"?>
<testsuite name="com.tfedorov.inteview.daily_coding_problem.facebook.ThreeMax" tests="1" skipped="0" failures="0" errors="0" timestamp="2025-03-12T10:45:26" hostname="C12075" time="0.003">
  <properties/>
  <testcase name="defaultTest()" classname="com.tfedorov.inteview.daily_coding_problem.facebook.ThreeMax" time="0.003"/>
  <system-out><![CDATA[]]></system-out>
  <system-err><![CDATA[]]></system-err>
</testsuite>
