<?xml version="1.0" encoding="UTF-8"?>
<testsuite name="com.tfedorov.inteview.daily_coding_problem.UberTest" tests="2" skipped="0" failures="0" errors="0" timestamp="2025-03-12T10:45:26" hostname="C12075" time="0.01">
  <properties/>
  <testcase name="Test1()" classname="com.tfedorov.inteview.daily_coding_problem.UberTest" time="0.007"/>
  <testcase name="Test2()" classname="com.tfedorov.inteview.daily_coding_problem.UberTest" time="0.002"/>
  <system-out><![CDATA[]]></system-out>
  <system-err><![CDATA[]]></system-err>
</testsuite>
