<?xml version="1.0" encoding="UTF-8"?>
<testsuite name="com.tfedorov.inteview.daily_coding_problem.google.GoogleLabyrinthTest" tests="4" skipped="0" failures="0" errors="0" timestamp="2025-03-12T10:45:27" hostname="C12075" time="0.043">
  <properties/>
  <testcase name="customLargerTest()" classname="com.tfedorov.inteview.daily_coding_problem.google.GoogleLabyrinthTest" time="0.028"/>
  <testcase name="customTest()" classname="com.tfedorov.inteview.daily_coding_problem.google.GoogleLabyrinthTest" time="0.007"/>
  <testcase name="wrongTest()" classname="com.tfedorov.inteview.daily_coding_problem.google.GoogleLabyrinthTest" time="0.001"/>
  <testcase name="defaultTest()" classname="com.tfedorov.inteview.daily_coding_problem.google.GoogleLabyrinthTest" time="0.001"/>
  <system-out><![CDATA[]]></system-out>
  <system-err><![CDATA[]]></system-err>
</testsuite>
