<?xml version="1.0" encoding="UTF-8"?>
<testsuite name="com.tfedorov.inteview.daily_coding_problem.facebook.FacebookMultiset" tests="2" skipped="0" failures="0" errors="0" timestamp="2025-03-12T10:45:26" hostname="C12075" time="0.047">
  <properties/>
  <testcase name="defaultTrueTest()" classname="com.tfedorov.inteview.daily_coding_problem.facebook.FacebookMultiset" time="0.044"/>
  <testcase name="defaultFalseTest()" classname="com.tfedorov.inteview.daily_coding_problem.facebook.FacebookMultiset" time="0.002"/>
  <system-out><![CDATA[(List(15, 15, 5, 20),List(10, 10, 35))
(List(15, 15, 5, 20),List(10, 35, 10))
(List(15, 15, 5, 20),List(35, 10, 10))
(List(15, 15, 5, 10, 10),List(20, 35))
(List(15, 15, 5, 10, 10),List(35, 20))
(List(15, 15, 20, 5),List(10, 10, 35))
(List(15, 15, 20, 5),List(10, 35, 10))
(List(15, 15, 20, 5),List(35, 10, 10))
(List(15, 15, 10, 5, 10),List(20, 35))
(List(15, 15, 10, 5, 10),List(35, 20))
(List(15, 15, 10, 10, 5),List(20, 35))
(List(15, 15, 10, 10, 5),List(35, 20))
(List(15, 5, 15, 20),List(10, 10, 35))
(List(15, 5, 15, 20),List(10, 35, 10))
(List(15, 5, 15, 20),List(35, 10, 10))
(List(15, 5, 15, 10, 10),List(20, 35))
(List(15, 5, 15, 10, 10),List(35, 20))
(List(15, 5, 20, 15),List(10, 10, 35))
(List(15, 5, 20, 15),List(10, 35, 10))
(List(15, 5, 20, 15),List(35, 10, 10))
(List(15, 5, 10, 15, 10),List(20, 35))
(List(15, 5, 10, 15, 10),List(35, 20))
(List(15, 5, 10, 10, 15),List(20, 35))
(List(15, 5, 10, 10, 15),List(35, 20))
(List(15, 5, 35),List(15, 20, 10, 10))
(List(15, 5, 35),List(15, 10, 20, 10))
(List(15, 5, 35),List(15, 10, 10, 20))
(List(15, 5, 35),List(20, 15, 10, 10))
(List(15, 5, 35),List(20, 10, 15, 10))
(List(15, 5, 35),List(20, 10, 10, 15))
(List(15, 5, 35),List(10, 15, 20, 10))
(List(15, 5, 35),List(10, 15, 10, 20))
(List(15, 5, 35),List(10, 20, 15, 10))
(List(15, 5, 35),List(10, 20, 10, 15))
(List(15, 5, 35),List(10, 10, 15, 20))
(List(15, 5, 35),List(10, 10, 20, 15))
(List(15, 20, 15, 5),List(10, 10, 35))
(List(15, 20, 15, 5),List(10, 35, 10))
(List(15, 20, 15, 5),List(35, 10, 10))
(List(15, 20, 5, 15),List(10, 10, 35))
(List(15, 20, 5, 15),List(10, 35, 10))
(List(15, 20, 5, 15),List(35, 10, 10))
(List(15, 20, 10, 10),List(15, 5, 35))
(List(15, 20, 10, 10),List(15, 35, 5))
(List(15, 20, 10, 10),List(5, 15, 35))
(List(15, 20, 10, 10),List(5, 35, 15))
(List(15, 20, 10, 10),List(35, 15, 5))
(List(15, 20, 10, 10),List(35, 5, 15))
(List(15, 10, 15, 5, 10),List(20, 35))
(List(15, 10, 15, 5, 10),List(35, 20))
(List(15, 10, 15, 10, 5),List(20, 35))
(List(15, 10, 15, 10, 5),List(35, 20))
(List(15, 10, 5, 15, 10),List(20, 35))
(List(15, 10, 5, 15, 10),List(35, 20))
(List(15, 10, 5, 10, 15),List(20, 35))
(List(15, 10, 5, 10, 15),List(35, 20))
(List(15, 10, 20, 10),List(15, 5, 35))
(List(15, 10, 20, 10),List(15, 35, 5))
(List(15, 10, 20, 10),List(5, 15, 35))
(List(15, 10, 20, 10),List(5, 35, 15))
(List(15, 10, 20, 10),List(35, 15, 5))
(List(15, 10, 20, 10),List(35, 5, 15))
(List(15, 10, 10, 15, 5),List(20, 35))
(List(15, 10, 10, 15, 5),List(35, 20))
(List(15, 10, 10, 5, 15),List(20, 35))
(List(15, 10, 10, 5, 15),List(35, 20))
(List(15, 10, 10, 20),List(15, 5, 35))
(List(15, 10, 10, 20),List(15, 35, 5))
(List(15, 10, 10, 20),List(5, 15, 35))
(List(15, 10, 10, 20),List(5, 35, 15))
(List(15, 10, 10, 20),List(35, 15, 5))
(List(15, 10, 10, 20),List(35, 5, 15))
(List(15, 35, 5),List(15, 20, 10, 10))
(List(15, 35, 5),List(15, 10, 20, 10))
(List(15, 35, 5),List(15, 10, 10, 20))
(List(15, 35, 5),List(20, 15, 10, 10))
(List(15, 35, 5),List(20, 10, 15, 10))
(List(15, 35, 5),List(20, 10, 10, 15))
(List(15, 35, 5),List(10, 15, 20, 10))
(List(15, 35, 5),List(10, 15, 10, 20))
(List(15, 35, 5),List(10, 20, 15, 10))
(List(15, 35, 5),List(10, 20, 10, 15))
(List(15, 35, 5),List(10, 10, 15, 20))
(List(15, 35, 5),List(10, 10, 20, 15))
(List(5, 15, 15, 20),List(10, 10, 35))
(List(5, 15, 15, 20),List(10, 35, 10))
(List(5, 15, 15, 20),List(35, 10, 10))
(List(5, 15, 15, 10, 10),List(20, 35))
(List(5, 15, 15, 10, 10),List(35, 20))
(List(5, 15, 20, 15),List(10, 10, 35))
(List(5, 15, 20, 15),List(10, 35, 10))
(List(5, 15, 20, 15),List(35, 10, 10))
(List(5, 15, 10, 15, 10),List(20, 35))
(List(5, 15, 10, 15, 10),List(35, 20))
(List(5, 15, 10, 10, 15),List(20, 35))
(List(5, 15, 10, 10, 15),List(35, 20))
(List(5, 15, 35),List(15, 20, 10, 10))
(List(5, 15, 35),List(15, 10, 20, 10))
(List(5, 15, 35),List(15, 10, 10, 20))
(List(5, 15, 35),List(20, 15, 10, 10))
(List(5, 15, 35),List(20, 10, 15, 10))
(List(5, 15, 35),List(20, 10, 10, 15))
(List(5, 15, 35),List(10, 15, 20, 10))
(List(5, 15, 35),List(10, 15, 10, 20))
(List(5, 15, 35),List(10, 20, 15, 10))
(List(5, 15, 35),List(10, 20, 10, 15))
(List(5, 15, 35),List(10, 10, 15, 20))
(List(5, 15, 35),List(10, 10, 20, 15))
(List(5, 20, 15, 15),List(10, 10, 35))
(List(5, 20, 15, 15),List(10, 35, 10))
(List(5, 20, 15, 15),List(35, 10, 10))
(List(5, 10, 15, 15, 10),List(20, 35))
(List(5, 10, 15, 15, 10),List(35, 20))
(List(5, 10, 15, 10, 15),List(20, 35))
(List(5, 10, 15, 10, 15),List(35, 20))
(List(5, 10, 10, 15, 15),List(20, 35))
(List(5, 10, 10, 15, 15),List(35, 20))
(List(5, 35, 15),List(15, 20, 10, 10))
(List(5, 35, 15),List(15, 10, 20, 10))
(List(5, 35, 15),List(15, 10, 10, 20))
(List(5, 35, 15),List(20, 15, 10, 10))
(List(5, 35, 15),List(20, 10, 15, 10))
(List(5, 35, 15),List(20, 10, 10, 15))
(List(5, 35, 15),List(10, 15, 20, 10))
(List(5, 35, 15),List(10, 15, 10, 20))
(List(5, 35, 15),List(10, 20, 15, 10))
(List(5, 35, 15),List(10, 20, 10, 15))
(List(5, 35, 15),List(10, 10, 15, 20))
(List(5, 35, 15),List(10, 10, 20, 15))
(List(20, 15, 15, 5),List(10, 10, 35))
(List(20, 15, 15, 5),List(10, 35, 10))
(List(20, 15, 15, 5),List(35, 10, 10))
(List(20, 15, 5, 15),List(10, 10, 35))
(List(20, 15, 5, 15),List(10, 35, 10))
(List(20, 15, 5, 15),List(35, 10, 10))
(List(20, 15, 10, 10),List(15, 5, 35))
(List(20, 15, 10, 10),List(15, 35, 5))
(List(20, 15, 10, 10),List(5, 15, 35))
(List(20, 15, 10, 10),List(5, 35, 15))
(List(20, 15, 10, 10),List(35, 15, 5))
(List(20, 15, 10, 10),List(35, 5, 15))
(List(20, 5, 15, 15),List(10, 10, 35))
(List(20, 5, 15, 15),List(10, 35, 10))
(List(20, 5, 15, 15),List(35, 10, 10))
(List(20, 10, 15, 10),List(15, 5, 35))
(List(20, 10, 15, 10),List(15, 35, 5))
(List(20, 10, 15, 10),List(5, 15, 35))
(List(20, 10, 15, 10),List(5, 35, 15))
(List(20, 10, 15, 10),List(35, 15, 5))
(List(20, 10, 15, 10),List(35, 5, 15))
(List(20, 10, 10, 15),List(15, 5, 35))
(List(20, 10, 10, 15),List(15, 35, 5))
(List(20, 10, 10, 15),List(5, 15, 35))
(List(20, 10, 10, 15),List(5, 35, 15))
(List(20, 10, 10, 15),List(35, 15, 5))
(List(20, 10, 10, 15),List(35, 5, 15))
(List(20, 35),List(15, 15, 5, 10, 10))
(List(20, 35),List(15, 15, 10, 5, 10))
(List(20, 35),List(15, 15, 10, 10, 5))
(List(20, 35),List(15, 5, 15, 10, 10))
(List(20, 35),List(15, 5, 10, 15, 10))
(List(20, 35),List(15, 5, 10, 10, 15))
(List(20, 35),List(15, 10, 15, 5, 10))
(List(20, 35),List(15, 10, 15, 10, 5))
(List(20, 35),List(15, 10, 5, 15, 10))
(List(20, 35),List(15, 10, 5, 10, 15))
(List(20, 35),List(15, 10, 10, 15, 5))
(List(20, 35),List(15, 10, 10, 5, 15))
(List(20, 35),List(5, 15, 15, 10, 10))
(List(20, 35),List(5, 15, 10, 15, 10))
(List(20, 35),List(5, 15, 10, 10, 15))
(List(20, 35),List(5, 10, 15, 15, 10))
(List(20, 35),List(5, 10, 15, 10, 15))
(List(20, 35),List(5, 10, 10, 15, 15))
(List(20, 35),List(10, 15, 15, 5, 10))
(List(20, 35),List(10, 15, 15, 10, 5))
(List(20, 35),List(10, 15, 5, 15, 10))
(List(20, 35),List(10, 15, 5, 10, 15))
(List(20, 35),List(10, 15, 10, 15, 5))
(List(20, 35),List(10, 15, 10, 5, 15))
(List(20, 35),List(10, 5, 15, 15, 10))
(List(20, 35),List(10, 5, 15, 10, 15))
(List(20, 35),List(10, 5, 10, 15, 15))
(List(20, 35),List(10, 10, 15, 15, 5))
(List(20, 35),List(10, 10, 15, 5, 15))
(List(20, 35),List(10, 10, 5, 15, 15))
(List(10, 15, 15, 5, 10),List(20, 35))
(List(10, 15, 15, 5, 10),List(35, 20))
(List(10, 15, 15, 10, 5),List(20, 35))
(List(10, 15, 15, 10, 5),List(35, 20))
(List(10, 15, 5, 15, 10),List(20, 35))
(List(10, 15, 5, 15, 10),List(35, 20))
(List(10, 15, 5, 10, 15),List(20, 35))
(List(10, 15, 5, 10, 15),List(35, 20))
(List(10, 15, 20, 10),List(15, 5, 35))
(List(10, 15, 20, 10),List(15, 35, 5))
(List(10, 15, 20, 10),List(5, 15, 35))
(List(10, 15, 20, 10),List(5, 35, 15))
(List(10, 15, 20, 10),List(35, 15, 5))
(List(10, 15, 20, 10),List(35, 5, 15))
(List(10, 15, 10, 15, 5),List(20, 35))
(List(10, 15, 10, 15, 5),List(35, 20))
(List(10, 15, 10, 5, 15),List(20, 35))
(List(10, 15, 10, 5, 15),List(35, 20))
(List(10, 15, 10, 20),List(15, 5, 35))
(List(10, 15, 10, 20),List(15, 35, 5))
(List(10, 15, 10, 20),List(5, 15, 35))
(List(10, 15, 10, 20),List(5, 35, 15))
(List(10, 15, 10, 20),List(35, 15, 5))
(List(10, 15, 10, 20),List(35, 5, 15))
(List(10, 5, 15, 15, 10),List(20, 35))
(List(10, 5, 15, 15, 10),List(35, 20))
(List(10, 5, 15, 10, 15),List(20, 35))
(List(10, 5, 15, 10, 15),List(35, 20))
(List(10, 5, 10, 15, 15),List(20, 35))
(List(10, 5, 10, 15, 15),List(35, 20))
(List(10, 20, 15, 10),List(15, 5, 35))
(List(10, 20, 15, 10),List(15, 35, 5))
(List(10, 20, 15, 10),List(5, 15, 35))
(List(10, 20, 15, 10),List(5, 35, 15))
(List(10, 20, 15, 10),List(35, 15, 5))
(List(10, 20, 15, 10),List(35, 5, 15))
(List(10, 20, 10, 15),List(15, 5, 35))
(List(10, 20, 10, 15),List(15, 35, 5))
(List(10, 20, 10, 15),List(5, 15, 35))
(List(10, 20, 10, 15),List(5, 35, 15))
(List(10, 20, 10, 15),List(35, 15, 5))
(List(10, 20, 10, 15),List(35, 5, 15))
(List(10, 10, 15, 15, 5),List(20, 35))
(List(10, 10, 15, 15, 5),List(35, 20))
(List(10, 10, 15, 5, 15),List(20, 35))
(List(10, 10, 15, 5, 15),List(35, 20))
(List(10, 10, 15, 20),List(15, 5, 35))
(List(10, 10, 15, 20),List(15, 35, 5))
(List(10, 10, 15, 20),List(5, 15, 35))
(List(10, 10, 15, 20),List(5, 35, 15))
(List(10, 10, 15, 20),List(35, 15, 5))
(List(10, 10, 15, 20),List(35, 5, 15))
(List(10, 10, 5, 15, 15),List(20, 35))
(List(10, 10, 5, 15, 15),List(35, 20))
(List(10, 10, 20, 15),List(15, 5, 35))
(List(10, 10, 20, 15),List(15, 35, 5))
(List(10, 10, 20, 15),List(5, 15, 35))
(List(10, 10, 20, 15),List(5, 35, 15))
(List(10, 10, 20, 15),List(35, 15, 5))
(List(10, 10, 20, 15),List(35, 5, 15))
(List(10, 10, 35),List(15, 15, 5, 20))
(List(10, 10, 35),List(15, 15, 20, 5))
(List(10, 10, 35),List(15, 5, 15, 20))
(List(10, 10, 35),List(15, 5, 20, 15))
(List(10, 10, 35),List(15, 20, 15, 5))
(List(10, 10, 35),List(15, 20, 5, 15))
(List(10, 10, 35),List(5, 15, 15, 20))
(List(10, 10, 35),List(5, 15, 20, 15))
(List(10, 10, 35),List(5, 20, 15, 15))
(List(10, 10, 35),List(20, 15, 15, 5))
(List(10, 10, 35),List(20, 15, 5, 15))
(List(10, 10, 35),List(20, 5, 15, 15))
(List(10, 35, 10),List(15, 15, 5, 20))
(List(10, 35, 10),List(15, 15, 20, 5))
(List(10, 35, 10),List(15, 5, 15, 20))
(List(10, 35, 10),List(15, 5, 20, 15))
(List(10, 35, 10),List(15, 20, 15, 5))
(List(10, 35, 10),List(15, 20, 5, 15))
(List(10, 35, 10),List(5, 15, 15, 20))
(List(10, 35, 10),List(5, 15, 20, 15))
(List(10, 35, 10),List(5, 20, 15, 15))
(List(10, 35, 10),List(20, 15, 15, 5))
(List(10, 35, 10),List(20, 15, 5, 15))
(List(10, 35, 10),List(20, 5, 15, 15))
(List(35, 15, 5),List(15, 20, 10, 10))
(List(35, 15, 5),List(15, 10, 20, 10))
(List(35, 15, 5),List(15, 10, 10, 20))
(List(35, 15, 5),List(20, 15, 10, 10))
(List(35, 15, 5),List(20, 10, 15, 10))
(List(35, 15, 5),List(20, 10, 10, 15))
(List(35, 15, 5),List(10, 15, 20, 10))
(List(35, 15, 5),List(10, 15, 10, 20))
(List(35, 15, 5),List(10, 20, 15, 10))
(List(35, 15, 5),List(10, 20, 10, 15))
(List(35, 15, 5),List(10, 10, 15, 20))
(List(35, 15, 5),List(10, 10, 20, 15))
(List(35, 5, 15),List(15, 20, 10, 10))
(List(35, 5, 15),List(15, 10, 20, 10))
(List(35, 5, 15),List(15, 10, 10, 20))
(List(35, 5, 15),List(20, 15, 10, 10))
(List(35, 5, 15),List(20, 10, 15, 10))
(List(35, 5, 15),List(20, 10, 10, 15))
(List(35, 5, 15),List(10, 15, 20, 10))
(List(35, 5, 15),List(10, 15, 10, 20))
(List(35, 5, 15),List(10, 20, 15, 10))
(List(35, 5, 15),List(10, 20, 10, 15))
(List(35, 5, 15),List(10, 10, 15, 20))
(List(35, 5, 15),List(10, 10, 20, 15))
(List(35, 20),List(15, 15, 5, 10, 10))
(List(35, 20),List(15, 15, 10, 5, 10))
(List(35, 20),List(15, 15, 10, 10, 5))
(List(35, 20),List(15, 5, 15, 10, 10))
(List(35, 20),List(15, 5, 10, 15, 10))
(List(35, 20),List(15, 5, 10, 10, 15))
(List(35, 20),List(15, 10, 15, 5, 10))
(List(35, 20),List(15, 10, 15, 10, 5))
(List(35, 20),List(15, 10, 5, 15, 10))
(List(35, 20),List(15, 10, 5, 10, 15))
(List(35, 20),List(15, 10, 10, 15, 5))
(List(35, 20),List(15, 10, 10, 5, 15))
(List(35, 20),List(5, 15, 15, 10, 10))
(List(35, 20),List(5, 15, 10, 15, 10))
(List(35, 20),List(5, 15, 10, 10, 15))
(List(35, 20),List(5, 10, 15, 15, 10))
(List(35, 20),List(5, 10, 15, 10, 15))
(List(35, 20),List(5, 10, 10, 15, 15))
(List(35, 20),List(10, 15, 15, 5, 10))
(List(35, 20),List(10, 15, 15, 10, 5))
(List(35, 20),List(10, 15, 5, 15, 10))
(List(35, 20),List(10, 15, 5, 10, 15))
(List(35, 20),List(10, 15, 10, 15, 5))
(List(35, 20),List(10, 15, 10, 5, 15))
(List(35, 20),List(10, 5, 15, 15, 10))
(List(35, 20),List(10, 5, 15, 10, 15))
(List(35, 20),List(10, 5, 10, 15, 15))
(List(35, 20),List(10, 10, 15, 15, 5))
(List(35, 20),List(10, 10, 15, 5, 15))
(List(35, 20),List(10, 10, 5, 15, 15))
(List(35, 10, 10),List(15, 15, 5, 20))
(List(35, 10, 10),List(15, 15, 20, 5))
(List(35, 10, 10),List(15, 5, 15, 20))
(List(35, 10, 10),List(15, 5, 20, 15))
(List(35, 10, 10),List(15, 20, 15, 5))
(List(35, 10, 10),List(15, 20, 5, 15))
(List(35, 10, 10),List(5, 15, 15, 20))
(List(35, 10, 10),List(5, 15, 20, 15))
(List(35, 10, 10),List(5, 20, 15, 15))
(List(35, 10, 10),List(20, 15, 15, 5))
(List(35, 10, 10),List(20, 15, 5, 15))
(List(35, 10, 10),List(20, 5, 15, 15))
]]></system-out>
  <system-err><![CDATA[]]></system-err>
</testsuite>
