<?xml version="1.0" encoding="UTF-8"?>
<testsuite name="com.tfedorov.inteview.daily_coding_problem.amazon.AmazonEncDec" tests="6" skipped="0" failures="0" errors="0" timestamp="2025-03-12T10:45:26" hostname="C12075" time="0.012">
  <properties/>
  <testcase name="defaultDecodeTest()" classname="com.tfedorov.inteview.daily_coding_problem.amazon.AmazonEncDec" time="0.007"/>
  <testcase name="smallEncTest()" classname="com.tfedorov.inteview.daily_coding_problem.amazon.AmazonEncDec" time="0.001"/>
  <testcase name="bigDecTest()" classname="com.tfedorov.inteview.daily_coding_problem.amazon.AmazonEncDec" time="0.001"/>
  <testcase name="defaultEncTest()" classname="com.tfedorov.inteview.daily_coding_problem.amazon.AmazonEncDec" time="0.0"/>
  <testcase name="bigEncTest()" classname="com.tfedorov.inteview.daily_coding_problem.amazon.AmazonEncDec" time="0.0"/>
  <testcase name="smallDecodeTest()" classname="com.tfedorov.inteview.daily_coding_problem.amazon.AmazonEncDec" time="0.001"/>
  <system-out><![CDATA[]]></system-out>
  <system-err><![CDATA[]]></system-err>
</testsuite>
