<?xml version="1.0" encoding="UTF-8"?>
<testsuite name="com.tfedorov.inteview.daily_coding_problem.AirnbTest" tests="2" skipped="0" failures="0" errors="0" timestamp="2025-03-12T10:43:56" hostname="C12075" time="0.012">
  <properties/>
  <testcase name="adjacentTest5115()" classname="com.tfedorov.inteview.daily_coding_problem.AirnbTest" time="0.005"/>
  <testcase name="adjacentTest()" classname="com.tfedorov.inteview.daily_coding_problem.AirnbTest" time="0.006"/>
  <system-out><![CDATA[]]></system-out>
  <system-err><![CDATA[]]></system-err>
</testsuite>
