<?xml version="1.0" encoding="UTF-8"?>
<testsuite name="com.tfedorov.inteview.daily_coding_problem.google.GoogleXORListTest" tests="3" skipped="0" failures="0" errors="0" timestamp="2025-03-12T10:45:27" hostname="C12075" time="0.023">
  <properties/>
  <testcase name="bothTest12()" classname="com.tfedorov.inteview.daily_coding_problem.google.GoogleXORListTest" time="0.013"/>
  <testcase name="bothTest35()" classname="com.tfedorov.inteview.daily_coding_problem.google.GoogleXORListTest" time="0.002"/>
  <testcase name="bothTestNone()" classname="com.tfedorov.inteview.daily_coding_problem.google.GoogleXORListTest" time="0.005"/>
  <system-out><![CDATA[]]></system-out>
  <system-err><![CDATA[]]></system-err>
</testsuite>
