<?xml version="1.0" encoding="UTF-8"?>
<testsuite name="com.tfedorov.inteview.GD.Permutations" tests="2" skipped="0" failures="0" errors="0" timestamp="2025-03-12T10:43:56" hostname="C12075" time="0.014">
  <properties/>
  <testcase name="defaultDubleTest()" classname="com.tfedorov.inteview.GD.Permutations" time="0.01"/>
  <testcase name="defaultTest()" classname="com.tfedorov.inteview.GD.Permutations" time="0.003"/>
  <system-out><![CDATA[]]></system-out>
  <system-err><![CDATA[]]></system-err>
</testsuite>
