<?xml version="1.0" encoding="UTF-8"?>
<testsuite name="com.tfedorov.inteview.daily_coding_problem.facebook.FacebookMatrixMoveTest" tests="2" skipped="0" failures="0" errors="0" timestamp="2025-03-12T10:45:26" hostname="C12075" time="0.067">
  <properties/>
  <testcase name="matrixMove5Test()" classname="com.tfedorov.inteview.daily_coding_problem.facebook.FacebookMatrixMoveTest" time="0.06"/>
  <testcase name="matrixMoveTest()" classname="com.tfedorov.inteview.daily_coding_problem.facebook.FacebookMatrixMoveTest" time="0.004"/>
  <system-out><![CDATA[
[
0 0 0 0 0
0 0 0 0 0
0 0 0 0 0
0 0 0 0 0
0 0 0 0 0
]


[
1 0 0 0 0
0 0 0 0 0
0 0 0 0 0
0 0 0 0 0
0 0 0 0 0
]


[
1 1 0 0 0
0 0 0 0 0
0 0 0 0 0
0 0 0 0 0
0 0 0 0 0
]


[
1 1 1 0 0
0 0 0 0 0
0 0 0 0 0
0 0 0 0 0
0 0 0 0 0
]


[
1 1 1 1 0
0 0 0 0 0
0 0 0 0 0
0 0 0 0 0
0 0 0 0 0
]


[
1 1 1 1 1
0 0 0 0 0
0 0 0 0 0
0 0 0 0 0
0 0 0 0 0
]


[
1 1 1 1 1
0 0 0 0 1
0 0 0 0 0
0 0 0 0 0
0 0 0 0 0
]


[
1 1 1 1 1
0 0 0 0 1
0 0 0 0 1
0 0 0 0 0
0 0 0 0 0
]


[
1 1 1 1 1
0 0 0 0 1
0 0 0 0 1
0 0 0 0 1
0 0 0 0 0
]


[
1 1 1 1 0
0 0 0 1 0
0 0 0 0 0
0 0 0 0 0
0 0 0 0 0
]


[
1 1 1 1 0
0 0 0 1 1
0 0 0 0 0
0 0 0 0 0
0 0 0 0 0
]


[
1 1 1 1 0
0 0 0 1 1
0 0 0 0 1
0 0 0 0 0
0 0 0 0 0
]


[
1 1 1 1 0
0 0 0 1 1
0 0 0 0 1
0 0 0 0 1
0 0 0 0 0
]


[
1 1 1 1 0
0 0 0 1 0
0 0 0 1 0
0 0 0 0 0
0 0 0 0 0
]


[
1 1 1 1 0
0 0 0 1 0
0 0 0 1 1
0 0 0 0 0
0 0 0 0 0
]


[
1 1 1 1 0
0 0 0 1 0
0 0 0 1 1
0 0 0 0 1
0 0 0 0 0
]


[
1 1 1 1 0
0 0 0 1 0
0 0 0 1 0
0 0 0 1 0
0 0 0 0 0
]


[
1 1 1 1 0
0 0 0 1 0
0 0 0 1 0
0 0 0 1 1
0 0 0 0 0
]


[
1 1 1 1 0
0 0 0 1 0
0 0 0 1 0
0 0 0 1 0
0 0 0 1 0
]


[
1 1 1 0 0
0 0 1 0 0
0 0 0 0 0
0 0 0 0 0
0 0 0 0 0
]


[
1 1 1 0 0
0 0 1 1 0
0 0 0 0 0
0 0 0 0 0
0 0 0 0 0
]


[
1 1 1 0 0
0 0 1 1 1
0 0 0 0 0
0 0 0 0 0
0 0 0 0 0
]


[
1 1 1 0 0
0 0 1 1 1
0 0 0 0 1
0 0 0 0 0
0 0 0 0 0
]


[
1 1 1 0 0
0 0 1 1 1
0 0 0 0 1
0 0 0 0 1
0 0 0 0 0
]


[
1 1 1 0 0
0 0 1 1 0
0 0 0 1 0
0 0 0 0 0
0 0 0 0 0
]


[
1 1 1 0 0
0 0 1 1 0
0 0 0 1 1
0 0 0 0 0
0 0 0 0 0
]


[
1 1 1 0 0
0 0 1 1 0
0 0 0 1 1
0 0 0 0 1
0 0 0 0 0
]


[
1 1 1 0 0
0 0 1 1 0
0 0 0 1 0
0 0 0 1 0
0 0 0 0 0
]


[
1 1 1 0 0
0 0 1 1 0
0 0 0 1 0
0 0 0 1 1
0 0 0 0 0
]


[
1 1 1 0 0
0 0 1 1 0
0 0 0 1 0
0 0 0 1 0
0 0 0 1 0
]


[
1 1 1 0 0
0 0 1 0 0
0 0 1 0 0
0 0 0 0 0
0 0 0 0 0
]


[
1 1 1 0 0
0 0 1 0 0
0 0 1 1 0
0 0 0 0 0
0 0 0 0 0
]


[
1 1 1 0 0
0 0 1 0 0
0 0 1 1 1
0 0 0 0 0
0 0 0 0 0
]


[
1 1 1 0 0
0 0 1 0 0
0 0 1 1 1
0 0 0 0 1
0 0 0 0 0
]


[
1 1 1 0 0
0 0 1 0 0
0 0 1 1 0
0 0 0 1 0
0 0 0 0 0
]


[
1 1 1 0 0
0 0 1 0 0
0 0 1 1 0
0 0 0 1 1
0 0 0 0 0
]


[
1 1 1 0 0
0 0 1 0 0
0 0 1 1 0
0 0 0 1 0
0 0 0 1 0
]


[
1 1 1 0 0
0 0 1 0 0
0 0 1 0 0
0 0 1 0 0
0 0 0 0 0
]


[
1 1 1 0 0
0 0 1 0 0
0 0 1 0 0
0 0 1 1 0
0 0 0 0 0
]


[
1 1 1 0 0
0 0 1 0 0
0 0 1 0 0
0 0 1 1 1
0 0 0 0 0
]


[
1 1 1 0 0
0 0 1 0 0
0 0 1 0 0
0 0 1 1 0
0 0 0 1 0
]


[
1 1 1 0 0
0 0 1 0 0
0 0 1 0 0
0 0 1 0 0
0 0 1 0 0
]


[
1 1 1 0 0
0 0 1 0 0
0 0 1 0 0
0 0 1 0 0
0 0 1 1 0
]


[
1 1 0 0 0
0 1 0 0 0
0 0 0 0 0
0 0 0 0 0
0 0 0 0 0
]


[
1 1 0 0 0
0 1 1 0 0
0 0 0 0 0
0 0 0 0 0
0 0 0 0 0
]


[
1 1 0 0 0
0 1 1 1 0
0 0 0 0 0
0 0 0 0 0
0 0 0 0 0
]


[
1 1 0 0 0
0 1 1 1 1
0 0 0 0 0
0 0 0 0 0
0 0 0 0 0
]


[
1 1 0 0 0
0 1 1 1 1
0 0 0 0 1
0 0 0 0 0
0 0 0 0 0
]


[
1 1 0 0 0
0 1 1 1 1
0 0 0 0 1
0 0 0 0 1
0 0 0 0 0
]


[
1 1 0 0 0
0 1 1 1 0
0 0 0 1 0
0 0 0 0 0
0 0 0 0 0
]


[
1 1 0 0 0
0 1 1 1 0
0 0 0 1 1
0 0 0 0 0
0 0 0 0 0
]


[
1 1 0 0 0
0 1 1 1 0
0 0 0 1 1
0 0 0 0 1
0 0 0 0 0
]


[
1 1 0 0 0
0 1 1 1 0
0 0 0 1 0
0 0 0 1 0
0 0 0 0 0
]


[
1 1 0 0 0
0 1 1 1 0
0 0 0 1 0
0 0 0 1 1
0 0 0 0 0
]


[
1 1 0 0 0
0 1 1 1 0
0 0 0 1 0
0 0 0 1 0
0 0 0 1 0
]


[
1 1 0 0 0
0 1 1 0 0
0 0 1 0 0
0 0 0 0 0
0 0 0 0 0
]


[
1 1 0 0 0
0 1 1 0 0
0 0 1 1 0
0 0 0 0 0
0 0 0 0 0
]


[
1 1 0 0 0
0 1 1 0 0
0 0 1 1 1
0 0 0 0 0
0 0 0 0 0
]


[
1 1 0 0 0
0 1 1 0 0
0 0 1 1 1
0 0 0 0 1
0 0 0 0 0
]


[
1 1 0 0 0
0 1 1 0 0
0 0 1 1 0
0 0 0 1 0
0 0 0 0 0
]


[
1 1 0 0 0
0 1 1 0 0
0 0 1 1 0
0 0 0 1 1
0 0 0 0 0
]


[
1 1 0 0 0
0 1 1 0 0
0 0 1 1 0
0 0 0 1 0
0 0 0 1 0
]


[
1 1 0 0 0
0 1 1 0 0
0 0 1 0 0
0 0 1 0 0
0 0 0 0 0
]


[
1 1 0 0 0
0 1 1 0 0
0 0 1 0 0
0 0 1 1 0
0 0 0 0 0
]


[
1 1 0 0 0
0 1 1 0 0
0 0 1 0 0
0 0 1 1 1
0 0 0 0 0
]


[
1 1 0 0 0
0 1 1 0 0
0 0 1 0 0
0 0 1 1 0
0 0 0 1 0
]


[
1 1 0 0 0
0 1 1 0 0
0 0 1 0 0
0 0 1 0 0
0 0 1 0 0
]


[
1 1 0 0 0
0 1 1 0 0
0 0 1 0 0
0 0 1 0 0
0 0 1 1 0
]


[
1 1 0 0 0
0 1 0 0 0
0 1 0 0 0
0 0 0 0 0
0 0 0 0 0
]


[
1 1 0 0 0
0 1 0 0 0
0 1 1 0 0
0 0 0 0 0
0 0 0 0 0
]


[
1 1 0 0 0
0 1 0 0 0
0 1 1 1 0
0 0 0 0 0
0 0 0 0 0
]


[
1 1 0 0 0
0 1 0 0 0
0 1 1 1 1
0 0 0 0 0
0 0 0 0 0
]


[
1 1 0 0 0
0 1 0 0 0
0 1 1 1 1
0 0 0 0 1
0 0 0 0 0
]


[
1 1 0 0 0
0 1 0 0 0
0 1 1 1 0
0 0 0 1 0
0 0 0 0 0
]


[
1 1 0 0 0
0 1 0 0 0
0 1 1 1 0
0 0 0 1 1
0 0 0 0 0
]


[
1 1 0 0 0
0 1 0 0 0
0 1 1 1 0
0 0 0 1 0
0 0 0 1 0
]


[
1 1 0 0 0
0 1 0 0 0
0 1 1 0 0
0 0 1 0 0
0 0 0 0 0
]


[
1 1 0 0 0
0 1 0 0 0
0 1 1 0 0
0 0 1 1 0
0 0 0 0 0
]


[
1 1 0 0 0
0 1 0 0 0
0 1 1 0 0
0 0 1 1 1
0 0 0 0 0
]


[
1 1 0 0 0
0 1 0 0 0
0 1 1 0 0
0 0 1 1 0
0 0 0 1 0
]


[
1 1 0 0 0
0 1 0 0 0
0 1 1 0 0
0 0 1 0 0
0 0 1 0 0
]


[
1 1 0 0 0
0 1 0 0 0
0 1 1 0 0
0 0 1 0 0
0 0 1 1 0
]


[
1 1 0 0 0
0 1 0 0 0
0 1 0 0 0
0 1 0 0 0
0 0 0 0 0
]


[
1 1 0 0 0
0 1 0 0 0
0 1 0 0 0
0 1 1 0 0
0 0 0 0 0
]


[
1 1 0 0 0
0 1 0 0 0
0 1 0 0 0
0 1 1 1 0
0 0 0 0 0
]


[
1 1 0 0 0
0 1 0 0 0
0 1 0 0 0
0 1 1 1 1
0 0 0 0 0
]


[
1 1 0 0 0
0 1 0 0 0
0 1 0 0 0
0 1 1 1 0
0 0 0 1 0
]


[
1 1 0 0 0
0 1 0 0 0
0 1 0 0 0
0 1 1 0 0
0 0 1 0 0
]


[
1 1 0 0 0
0 1 0 0 0
0 1 0 0 0
0 1 1 0 0
0 0 1 1 0
]


[
1 1 0 0 0
0 1 0 0 0
0 1 0 0 0
0 1 0 0 0
0 1 0 0 0
]


[
1 1 0 0 0
0 1 0 0 0
0 1 0 0 0
0 1 0 0 0
0 1 1 0 0
]


[
1 1 0 0 0
0 1 0 0 0
0 1 0 0 0
0 1 0 0 0
0 1 1 1 0
]


[
1 0 0 0 0
1 0 0 0 0
0 0 0 0 0
0 0 0 0 0
0 0 0 0 0
]


[
1 0 0 0 0
1 1 0 0 0
0 0 0 0 0
0 0 0 0 0
0 0 0 0 0
]


[
1 0 0 0 0
1 1 1 0 0
0 0 0 0 0
0 0 0 0 0
0 0 0 0 0
]


[
1 0 0 0 0
1 1 1 1 0
0 0 0 0 0
0 0 0 0 0
0 0 0 0 0
]


[
1 0 0 0 0
1 1 1 1 1
0 0 0 0 0
0 0 0 0 0
0 0 0 0 0
]


[
1 0 0 0 0
1 1 1 1 1
0 0 0 0 1
0 0 0 0 0
0 0 0 0 0
]


[
1 0 0 0 0
1 1 1 1 1
0 0 0 0 1
0 0 0 0 1
0 0 0 0 0
]


[
1 0 0 0 0
1 1 1 1 0
0 0 0 1 0
0 0 0 0 0
0 0 0 0 0
]


[
1 0 0 0 0
1 1 1 1 0
0 0 0 1 1
0 0 0 0 0
0 0 0 0 0
]


[
1 0 0 0 0
1 1 1 1 0
0 0 0 1 1
0 0 0 0 1
0 0 0 0 0
]


[
1 0 0 0 0
1 1 1 1 0
0 0 0 1 0
0 0 0 1 0
0 0 0 0 0
]


[
1 0 0 0 0
1 1 1 1 0
0 0 0 1 0
0 0 0 1 1
0 0 0 0 0
]


[
1 0 0 0 0
1 1 1 1 0
0 0 0 1 0
0 0 0 1 0
0 0 0 1 0
]


[
1 0 0 0 0
1 1 1 0 0
0 0 1 0 0
0 0 0 0 0
0 0 0 0 0
]


[
1 0 0 0 0
1 1 1 0 0
0 0 1 1 0
0 0 0 0 0
0 0 0 0 0
]


[
1 0 0 0 0
1 1 1 0 0
0 0 1 1 1
0 0 0 0 0
0 0 0 0 0
]


[
1 0 0 0 0
1 1 1 0 0
0 0 1 1 1
0 0 0 0 1
0 0 0 0 0
]


[
1 0 0 0 0
1 1 1 0 0
0 0 1 1 0
0 0 0 1 0
0 0 0 0 0
]


[
1 0 0 0 0
1 1 1 0 0
0 0 1 1 0
0 0 0 1 1
0 0 0 0 0
]


[
1 0 0 0 0
1 1 1 0 0
0 0 1 1 0
0 0 0 1 0
0 0 0 1 0
]


[
1 0 0 0 0
1 1 1 0 0
0 0 1 0 0
0 0 1 0 0
0 0 0 0 0
]


[
1 0 0 0 0
1 1 1 0 0
0 0 1 0 0
0 0 1 1 0
0 0 0 0 0
]


[
1 0 0 0 0
1 1 1 0 0
0 0 1 0 0
0 0 1 1 1
0 0 0 0 0
]


[
1 0 0 0 0
1 1 1 0 0
0 0 1 0 0
0 0 1 1 0
0 0 0 1 0
]


[
1 0 0 0 0
1 1 1 0 0
0 0 1 0 0
0 0 1 0 0
0 0 1 0 0
]


[
1 0 0 0 0
1 1 1 0 0
0 0 1 0 0
0 0 1 0 0
0 0 1 1 0
]


[
1 0 0 0 0
1 1 0 0 0
0 1 0 0 0
0 0 0 0 0
0 0 0 0 0
]


[
1 0 0 0 0
1 1 0 0 0
0 1 1 0 0
0 0 0 0 0
0 0 0 0 0
]


[
1 0 0 0 0
1 1 0 0 0
0 1 1 1 0
0 0 0 0 0
0 0 0 0 0
]


[
1 0 0 0 0
1 1 0 0 0
0 1 1 1 1
0 0 0 0 0
0 0 0 0 0
]


[
1 0 0 0 0
1 1 0 0 0
0 1 1 1 1
0 0 0 0 1
0 0 0 0 0
]


[
1 0 0 0 0
1 1 0 0 0
0 1 1 1 0
0 0 0 1 0
0 0 0 0 0
]


[
1 0 0 0 0
1 1 0 0 0
0 1 1 1 0
0 0 0 1 1
0 0 0 0 0
]


[
1 0 0 0 0
1 1 0 0 0
0 1 1 1 0
0 0 0 1 0
0 0 0 1 0
]


[
1 0 0 0 0
1 1 0 0 0
0 1 1 0 0
0 0 1 0 0
0 0 0 0 0
]


[
1 0 0 0 0
1 1 0 0 0
0 1 1 0 0
0 0 1 1 0
0 0 0 0 0
]


[
1 0 0 0 0
1 1 0 0 0
0 1 1 0 0
0 0 1 1 1
0 0 0 0 0
]


[
1 0 0 0 0
1 1 0 0 0
0 1 1 0 0
0 0 1 1 0
0 0 0 1 0
]


[
1 0 0 0 0
1 1 0 0 0
0 1 1 0 0
0 0 1 0 0
0 0 1 0 0
]


[
1 0 0 0 0
1 1 0 0 0
0 1 1 0 0
0 0 1 0 0
0 0 1 1 0
]


[
1 0 0 0 0
1 1 0 0 0
0 1 0 0 0
0 1 0 0 0
0 0 0 0 0
]


[
1 0 0 0 0
1 1 0 0 0
0 1 0 0 0
0 1 1 0 0
0 0 0 0 0
]


[
1 0 0 0 0
1 1 0 0 0
0 1 0 0 0
0 1 1 1 0
0 0 0 0 0
]


[
1 0 0 0 0
1 1 0 0 0
0 1 0 0 0
0 1 1 1 1
0 0 0 0 0
]


[
1 0 0 0 0
1 1 0 0 0
0 1 0 0 0
0 1 1 1 0
0 0 0 1 0
]


[
1 0 0 0 0
1 1 0 0 0
0 1 0 0 0
0 1 1 0 0
0 0 1 0 0
]


[
1 0 0 0 0
1 1 0 0 0
0 1 0 0 0
0 1 1 0 0
0 0 1 1 0
]


[
1 0 0 0 0
1 1 0 0 0
0 1 0 0 0
0 1 0 0 0
0 1 0 0 0
]


[
1 0 0 0 0
1 1 0 0 0
0 1 0 0 0
0 1 0 0 0
0 1 1 0 0
]


[
1 0 0 0 0
1 1 0 0 0
0 1 0 0 0
0 1 0 0 0
0 1 1 1 0
]


[
1 0 0 0 0
1 0 0 0 0
1 0 0 0 0
0 0 0 0 0
0 0 0 0 0
]


[
1 0 0 0 0
1 0 0 0 0
1 1 0 0 0
0 0 0 0 0
0 0 0 0 0
]


[
1 0 0 0 0
1 0 0 0 0
1 1 1 0 0
0 0 0 0 0
0 0 0 0 0
]


[
1 0 0 0 0
1 0 0 0 0
1 1 1 1 0
0 0 0 0 0
0 0 0 0 0
]


[
1 0 0 0 0
1 0 0 0 0
1 1 1 1 1
0 0 0 0 0
0 0 0 0 0
]


[
1 0 0 0 0
1 0 0 0 0
1 1 1 1 1
0 0 0 0 1
0 0 0 0 0
]


[
1 0 0 0 0
1 0 0 0 0
1 1 1 1 0
0 0 0 1 0
0 0 0 0 0
]


[
1 0 0 0 0
1 0 0 0 0
1 1 1 1 0
0 0 0 1 1
0 0 0 0 0
]


[
1 0 0 0 0
1 0 0 0 0
1 1 1 1 0
0 0 0 1 0
0 0 0 1 0
]


[
1 0 0 0 0
1 0 0 0 0
1 1 1 0 0
0 0 1 0 0
0 0 0 0 0
]


[
1 0 0 0 0
1 0 0 0 0
1 1 1 0 0
0 0 1 1 0
0 0 0 0 0
]


[
1 0 0 0 0
1 0 0 0 0
1 1 1 0 0
0 0 1 1 1
0 0 0 0 0
]


[
1 0 0 0 0
1 0 0 0 0
1 1 1 0 0
0 0 1 1 0
0 0 0 1 0
]


[
1 0 0 0 0
1 0 0 0 0
1 1 1 0 0
0 0 1 0 0
0 0 1 0 0
]


[
1 0 0 0 0
1 0 0 0 0
1 1 1 0 0
0 0 1 0 0
0 0 1 1 0
]


[
1 0 0 0 0
1 0 0 0 0
1 1 0 0 0
0 1 0 0 0
0 0 0 0 0
]


[
1 0 0 0 0
1 0 0 0 0
1 1 0 0 0
0 1 1 0 0
0 0 0 0 0
]


[
1 0 0 0 0
1 0 0 0 0
1 1 0 0 0
0 1 1 1 0
0 0 0 0 0
]


[
1 0 0 0 0
1 0 0 0 0
1 1 0 0 0
0 1 1 1 1
0 0 0 0 0
]


[
1 0 0 0 0
1 0 0 0 0
1 1 0 0 0
0 1 1 1 0
0 0 0 1 0
]


[
1 0 0 0 0
1 0 0 0 0
1 1 0 0 0
0 1 1 0 0
0 0 1 0 0
]


[
1 0 0 0 0
1 0 0 0 0
1 1 0 0 0
0 1 1 0 0
0 0 1 1 0
]


[
1 0 0 0 0
1 0 0 0 0
1 1 0 0 0
0 1 0 0 0
0 1 0 0 0
]


[
1 0 0 0 0
1 0 0 0 0
1 1 0 0 0
0 1 0 0 0
0 1 1 0 0
]


[
1 0 0 0 0
1 0 0 0 0
1 1 0 0 0
0 1 0 0 0
0 1 1 1 0
]


[
1 0 0 0 0
1 0 0 0 0
1 0 0 0 0
1 0 0 0 0
0 0 0 0 0
]


[
1 0 0 0 0
1 0 0 0 0
1 0 0 0 0
1 1 0 0 0
0 0 0 0 0
]


[
1 0 0 0 0
1 0 0 0 0
1 0 0 0 0
1 1 1 0 0
0 0 0 0 0
]


[
1 0 0 0 0
1 0 0 0 0
1 0 0 0 0
1 1 1 1 0
0 0 0 0 0
]


[
1 0 0 0 0
1 0 0 0 0
1 0 0 0 0
1 1 1 1 1
0 0 0 0 0
]


[
1 0 0 0 0
1 0 0 0 0
1 0 0 0 0
1 1 1 1 0
0 0 0 1 0
]


[
1 0 0 0 0
1 0 0 0 0
1 0 0 0 0
1 1 1 0 0
0 0 1 0 0
]


[
1 0 0 0 0
1 0 0 0 0
1 0 0 0 0
1 1 1 0 0
0 0 1 1 0
]


[
1 0 0 0 0
1 0 0 0 0
1 0 0 0 0
1 1 0 0 0
0 1 0 0 0
]


[
1 0 0 0 0
1 0 0 0 0
1 0 0 0 0
1 1 0 0 0
0 1 1 0 0
]


[
1 0 0 0 0
1 0 0 0 0
1 0 0 0 0
1 1 0 0 0
0 1 1 1 0
]


[
1 0 0 0 0
1 0 0 0 0
1 0 0 0 0
1 0 0 0 0
1 0 0 0 0
]


[
1 0 0 0 0
1 0 0 0 0
1 0 0 0 0
1 0 0 0 0
1 1 0 0 0
]


[
1 0 0 0 0
1 0 0 0 0
1 0 0 0 0
1 0 0 0 0
1 1 1 0 0
]


[
1 0 0 0 0
1 0 0 0 0
1 0 0 0 0
1 0 0 0 0
1 1 1 1 0
]


[
0 0
0 0
]


[
1 0
0 0
]


[
1 1
0 0
]


[
1 0
1 0
]

]]></system-out>
  <system-err><![CDATA[]]></system-err>
</testsuite>
