<?xml version="1.0" encoding="UTF-8"?>
<testsuite name="com.tfedorov.inteview.daily_coding_problem.amazon.AmazonDupStringTest" tests="1" skipped="0" failures="0" errors="0" timestamp="2025-03-12T10:45:26" hostname="C12075" time="0.015">
  <properties/>
  <testcase name="amazonTaskTest()" classname="com.tfedorov.inteview.daily_coding_problem.amazon.AmazonDupStringTest" time="0.015"/>
  <system-out><![CDATA[]]></system-out>
  <system-err><![CDATA[]]></system-err>
</testsuite>
