<?xml version="1.0" encoding="UTF-8"?>
<testsuite name="com.tfedorov.inteview.daily_coding_problem.google.PreOrderTree" tests="1" skipped="0" failures="1" errors="0" timestamp="2025-03-12T10:45:27" hostname="C12075" time="0.014">
  <properties/>
  <testcase name="buildTreeTest()" classname="com.tfedorov.inteview.daily_coding_problem.google.PreOrderTree" time="0.014">
    <failure message="org.opentest4j.AssertionFailedError: expected: &lt;2&gt; but was: &lt;Node(a,Node(b,Node(d,null,null),Node(e,null,null)),Node(b,Node(d,Node(e,Node(c,Node(f,null,null),Node(g,null,null)),Node(c,Node(f,null,null),Node(g,null,null))),Node(e,Node(c,Node(f,null,null),Node(g,null,null)),Node(c,Node(f,null,null),Node(g,null,null)))),Node(d,Node(e,Node(c,Node(f,null,null),Node(g,null,null)),Node(c,Node(f,null,null),Node(g,null,null))),Node(e,Node(c,Node(f,null,null),Node(g,null,null)),Node(c,Node(f,null,null),Node(g,null,null))))))&gt;" type="org.opentest4j.AssertionFailedError">org.opentest4j.AssertionFailedError: expected: &lt;2&gt; but was: &lt;Node(a,Node(b,Node(d,null,null),Node(e,null,null)),Node(b,Node(d,Node(e,Node(c,Node(f,null,null),Node(g,null,null)),Node(c,Node(f,null,null),Node(g,null,null))),Node(e,Node(c,Node(f,null,null),Node(g,null,null)),Node(c,Node(f,null,null),Node(g,null,null)))),Node(d,Node(e,Node(c,Node(f,null,null),Node(g,null,null)),Node(c,Node(f,null,null),Node(g,null,null))),Node(e,Node(c,Node(f,null,null),Node(g,null,null)),Node(c,Node(f,null,null),Node(g,null,null))))))&gt;
	at app//org.junit.jupiter.api.AssertionFailureBuilder.build(AssertionFailureBuilder.java:151)
	at app//org.junit.jupiter.api.AssertionFailureBuilder.buildAndThrow(AssertionFailureBuilder.java:132)
	at app//org.junit.jupiter.api.AssertEquals.failNotEqual(AssertEquals.java:197)
	at app//org.junit.jupiter.api.AssertEquals.assertEquals(AssertEquals.java:182)
	at app//org.junit.jupiter.api.AssertEquals.assertEquals(AssertEquals.java:177)
	at app//org.junit.jupiter.api.Assertions.assertEquals(Assertions.java:1141)
	at app//com.tfedorov.inteview.daily_coding_problem.google.PreOrderTree.buildTreeTest(PreOrderTree.scala:73)
	at java.base@11.0.25/jdk.internal.reflect.NativeMethodAccessorImpl.invoke0(Native Method)
	at java.base@11.0.25/jdk.internal.reflect.NativeMethodAccessorImpl.invoke(NativeMethodAccessorImpl.java:62)
	at java.base@11.0.25/jdk.internal.reflect.DelegatingMethodAccessorImpl.invoke(DelegatingMethodAccessorImpl.java:43)
	at java.base@11.0.25/java.lang.reflect.Method.invoke(Method.java:566)
	at app//org.junit.platform.commons.util.ReflectionUtils.invokeMethod(ReflectionUtils.java:727)
	at app//org.junit.jupiter.engine.execution.MethodInvocation.proceed(MethodInvocation.java:60)
	at app//org.junit.jupiter.engine.execution.InvocationInterceptorChain$ValidatingInvocation.proceed(InvocationInterceptorChain.java:131)
	at app//org.junit.jupiter.engine.extension.TimeoutExtension.intercept(TimeoutExtension.java:156)
	at app//org.junit.jupiter.engine.extension.TimeoutExtension.interceptTestableMethod(TimeoutExtension.java:147)
	at app//org.junit.jupiter.engine.extension.TimeoutExtension.interceptTestMethod(TimeoutExtension.java:86)
	at app//org.junit.jupiter.engine.execution.InterceptingExecutableInvoker$ReflectiveInterceptorCall.lambda$ofVoidMethod$0(InterceptingExecutableInvoker.java:103)
	at app//org.junit.jupiter.engine.execution.InterceptingExecutableInvoker.lambda$invoke$0(InterceptingExecutableInvoker.java:93)
	at app//org.junit.jupiter.engine.execution.InvocationInterceptorChain$InterceptedInvocation.proceed(InvocationInterceptorChain.java:106)
	at app//org.junit.jupiter.engine.execution.InvocationInterceptorChain.proceed(InvocationInterceptorChain.java:64)
	at app//org.junit.jupiter.engine.execution.InvocationInterceptorChain.chainAndInvoke(InvocationInterceptorChain.java:45)
	at app//org.junit.jupiter.engine.execution.InvocationInterceptorChain.invoke(InvocationInterceptorChain.java:37)
	at app//org.junit.jupiter.engine.execution.InterceptingExecutableInvoker.invoke(InterceptingExecutableInvoker.java:92)
	at app//org.junit.jupiter.engine.execution.InterceptingExecutableInvoker.invoke(InterceptingExecutableInvoker.java:86)
	at app//org.junit.jupiter.engine.descriptor.TestMethodTestDescriptor.lambda$invokeTestMethod$7(TestMethodTestDescriptor.java:217)
	at app//org.junit.platform.engine.support.hierarchical.ThrowableCollector.execute(ThrowableCollector.java:73)
	at app//org.junit.jupiter.engine.descriptor.TestMethodTestDescriptor.invokeTestMethod(TestMethodTestDescriptor.java:213)
	at app//org.junit.jupiter.engine.descriptor.TestMethodTestDescriptor.execute(TestMethodTestDescriptor.java:138)
	at app//org.junit.jupiter.engine.descriptor.TestMethodTestDescriptor.execute(TestMethodTestDescriptor.java:68)
	at app//org.junit.platform.engine.support.hierarchical.NodeTestTask.lambda$executeRecursively$6(NodeTestTask.java:151)
	at app//org.junit.platform.engine.support.hierarchical.ThrowableCollector.execute(ThrowableCollector.java:73)
	at app//org.junit.platform.engine.support.hierarchical.NodeTestTask.lambda$executeRecursively$8(NodeTestTask.java:141)
	at app//org.junit.platform.engine.support.hierarchical.Node.around(Node.java:137)
	at app//org.junit.platform.engine.support.hierarchical.NodeTestTask.lambda$executeRecursively$9(NodeTestTask.java:139)
	at app//org.junit.platform.engine.support.hierarchical.ThrowableCollector.execute(ThrowableCollector.java:73)
	at app//org.junit.platform.engine.support.hierarchical.NodeTestTask.executeRecursively(NodeTestTask.java:138)
	at app//org.junit.platform.engine.support.hierarchical.NodeTestTask.execute(NodeTestTask.java:95)
	at java.base@11.0.25/java.util.ArrayList.forEach(ArrayList.java:1541)
	at app//org.junit.platform.engine.support.hierarchical.SameThreadHierarchicalTestExecutorService.invokeAll(SameThreadHierarchicalTestExecutorService.java:41)
	at app//org.junit.platform.engine.support.hierarchical.NodeTestTask.lambda$executeRecursively$6(NodeTestTask.java:155)
	at app//org.junit.platform.engine.support.hierarchical.ThrowableCollector.execute(ThrowableCollector.java:73)
	at app//org.junit.platform.engine.support.hierarchical.NodeTestTask.lambda$executeRecursively$8(NodeTestTask.java:141)
	at app//org.junit.platform.engine.support.hierarchical.Node.around(Node.java:137)
	at app//org.junit.platform.engine.support.hierarchical.NodeTestTask.lambda$executeRecursively$9(NodeTestTask.java:139)
	at app//org.junit.platform.engine.support.hierarchical.ThrowableCollector.execute(ThrowableCollector.java:73)
	at app//org.junit.platform.engine.support.hierarchical.NodeTestTask.executeRecursively(NodeTestTask.java:138)
	at app//org.junit.platform.engine.support.hierarchical.NodeTestTask.execute(NodeTestTask.java:95)
	at java.base@11.0.25/java.util.ArrayList.forEach(ArrayList.java:1541)
	at app//org.junit.platform.engine.support.hierarchical.SameThreadHierarchicalTestExecutorService.invokeAll(SameThreadHierarchicalTestExecutorService.java:41)
	at app//org.junit.platform.engine.support.hierarchical.NodeTestTask.lambda$executeRecursively$6(NodeTestTask.java:155)
	at app//org.junit.platform.engine.support.hierarchical.ThrowableCollector.execute(ThrowableCollector.java:73)
	at app//org.junit.platform.engine.support.hierarchical.NodeTestTask.lambda$executeRecursively$8(NodeTestTask.java:141)
	at app//org.junit.platform.engine.support.hierarchical.Node.around(Node.java:137)
	at app//org.junit.platform.engine.support.hierarchical.NodeTestTask.lambda$executeRecursively$9(NodeTestTask.java:139)
	at app//org.junit.platform.engine.support.hierarchical.ThrowableCollector.execute(ThrowableCollector.java:73)
	at app//org.junit.platform.engine.support.hierarchical.NodeTestTask.executeRecursively(NodeTestTask.java:138)
	at app//org.junit.platform.engine.support.hierarchical.NodeTestTask.execute(NodeTestTask.java:95)
	at app//org.junit.platform.engine.support.hierarchical.SameThreadHierarchicalTestExecutorService.submit(SameThreadHierarchicalTestExecutorService.java:35)
	at app//org.junit.platform.engine.support.hierarchical.HierarchicalTestExecutor.execute(HierarchicalTestExecutor.java:57)
	at app//org.junit.platform.engine.support.hierarchical.HierarchicalTestEngine.execute(HierarchicalTestEngine.java:54)
	at app//org.junit.platform.launcher.core.EngineExecutionOrchestrator.execute(EngineExecutionOrchestrator.java:107)
	at app//org.junit.platform.launcher.core.EngineExecutionOrchestrator.execute(EngineExecutionOrchestrator.java:88)
	at app//org.junit.platform.launcher.core.EngineExecutionOrchestrator.lambda$execute$0(EngineExecutionOrchestrator.java:54)
	at app//org.junit.platform.launcher.core.EngineExecutionOrchestrator.withInterceptedStreams(EngineExecutionOrchestrator.java:67)
	at app//org.junit.platform.launcher.core.EngineExecutionOrchestrator.execute(EngineExecutionOrchestrator.java:52)
	at app//org.junit.platform.launcher.core.DefaultLauncher.execute(DefaultLauncher.java:114)
	at app//org.junit.platform.launcher.core.DefaultLauncher.execute(DefaultLauncher.java:86)
	at app//org.junit.platform.launcher.core.DefaultLauncherSession$DelegatingLauncher.execute(DefaultLauncherSession.java:86)
	at org.gradle.api.internal.tasks.testing.junitplatform.JUnitPlatformTestClassProcessor$CollectAllTestClassesExecutor.processAllTestClasses(JUnitPlatformTestClassProcessor.java:124)
	at org.gradle.api.internal.tasks.testing.junitplatform.JUnitPlatformTestClassProcessor$CollectAllTestClassesExecutor.access$000(JUnitPlatformTestClassProcessor.java:99)
	at org.gradle.api.internal.tasks.testing.junitplatform.JUnitPlatformTestClassProcessor.stop(JUnitPlatformTestClassProcessor.java:94)
	at org.gradle.api.internal.tasks.testing.SuiteTestClassProcessor.stop(SuiteTestClassProcessor.java:63)
	at java.base@11.0.25/jdk.internal.reflect.NativeMethodAccessorImpl.invoke0(Native Method)
	at java.base@11.0.25/jdk.internal.reflect.NativeMethodAccessorImpl.invoke(NativeMethodAccessorImpl.java:62)
	at java.base@11.0.25/jdk.internal.reflect.DelegatingMethodAccessorImpl.invoke(DelegatingMethodAccessorImpl.java:43)
	at java.base@11.0.25/java.lang.reflect.Method.invoke(Method.java:566)
	at org.gradle.internal.dispatch.ReflectionDispatch.dispatch(ReflectionDispatch.java:36)
	at org.gradle.internal.dispatch.ReflectionDispatch.dispatch(ReflectionDispatch.java:24)
	at org.gradle.internal.dispatch.ContextClassLoaderDispatch.dispatch(ContextClassLoaderDispatch.java:33)
	at org.gradle.internal.dispatch.ProxyDispatchAdapter$DispatchingInvocationHandler.invoke(ProxyDispatchAdapter.java:92)
	at com.sun.proxy.$Proxy4.stop(Unknown Source)
	at org.gradle.api.internal.tasks.testing.worker.TestWorker$3.run(TestWorker.java:200)
	at org.gradle.api.internal.tasks.testing.worker.TestWorker.executeAndMaintainThreadName(TestWorker.java:132)
	at org.gradle.api.internal.tasks.testing.worker.TestWorker.execute(TestWorker.java:103)
	at org.gradle.api.internal.tasks.testing.worker.TestWorker.execute(TestWorker.java:63)
	at org.gradle.process.internal.worker.child.ActionExecutionWorker.execute(ActionExecutionWorker.java:56)
	at org.gradle.process.internal.worker.child.SystemApplicationClassLoaderWorker.call(SystemApplicationClassLoaderWorker.java:121)
	at org.gradle.process.internal.worker.child.SystemApplicationClassLoaderWorker.call(SystemApplicationClassLoaderWorker.java:71)
	at app//worker.org.gradle.process.internal.worker.GradleWorkerMain.run(GradleWorkerMain.java:69)
	at app//worker.org.gradle.process.internal.worker.GradleWorkerMain.main(GradleWorkerMain.java:74)
</failure>
  </testcase>
  <system-out><![CDATA[----
preorderTraversal = List(a, b, d, e, c, f, g)
inputTraversal = List(d, b, e, a, f, c, g)
rootChar = a
leftTraversalList = List(d, b, e)
----
preorderTraversal = List(b, d, e, c, f, g)
inputTraversal = List(d, b, e)
rootChar = b
leftTraversalList = List(d)
----
preorderTraversal = List(d, e, c, f, g)
inputTraversal = List(d)
Node(d,null,null)
rightTraversal = List(e)
preorderTraversal = List(d, e, c, f, g)
----
preorderTraversal = List(d, e, c, f, g)
inputTraversal = List(e)
Node(e,null,null)
rightTraversal = List(f, c, g)
preorderTraversal = List(b, d, e, c, f, g)
----
preorderTraversal = List(b, d, e, c, f, g)
inputTraversal = List(f, c, g)
rootChar = b
leftTraversalList = List(f, c, g)
----
preorderTraversal = List(d, e, c, f, g)
inputTraversal = List(f, c, g)
rootChar = d
leftTraversalList = List(f, c, g)
----
preorderTraversal = List(e, c, f, g)
inputTraversal = List(f, c, g)
rootChar = e
leftTraversalList = List(f, c, g)
----
preorderTraversal = List(c, f, g)
inputTraversal = List(f, c, g)
rootChar = c
leftTraversalList = List(f)
----
preorderTraversal = List(f, g)
inputTraversal = List(f)
Node(f,null,null)
rightTraversal = List(g)
preorderTraversal = List(f, g)
----
preorderTraversal = List(f, g)
inputTraversal = List(g)
Node(g,null,null)
rightTraversal = List(f, c, g)
preorderTraversal = List(c, f, g)
----
preorderTraversal = List(c, f, g)
inputTraversal = List(f, c, g)
rootChar = c
leftTraversalList = List(f)
----
preorderTraversal = List(f, g)
inputTraversal = List(f)
Node(f,null,null)
rightTraversal = List(g)
preorderTraversal = List(f, g)
----
preorderTraversal = List(f, g)
inputTraversal = List(g)
Node(g,null,null)
rightTraversal = List(f, c, g)
preorderTraversal = List(e, c, f, g)
----
preorderTraversal = List(e, c, f, g)
inputTraversal = List(f, c, g)
rootChar = e
leftTraversalList = List(f, c, g)
----
preorderTraversal = List(c, f, g)
inputTraversal = List(f, c, g)
rootChar = c
leftTraversalList = List(f)
----
preorderTraversal = List(f, g)
inputTraversal = List(f)
Node(f,null,null)
rightTraversal = List(g)
preorderTraversal = List(f, g)
----
preorderTraversal = List(f, g)
inputTraversal = List(g)
Node(g,null,null)
rightTraversal = List(f, c, g)
preorderTraversal = List(c, f, g)
----
preorderTraversal = List(c, f, g)
inputTraversal = List(f, c, g)
rootChar = c
leftTraversalList = List(f)
----
preorderTraversal = List(f, g)
inputTraversal = List(f)
Node(f,null,null)
rightTraversal = List(g)
preorderTraversal = List(f, g)
----
preorderTraversal = List(f, g)
inputTraversal = List(g)
Node(g,null,null)
rightTraversal = List(f, c, g)
preorderTraversal = List(d, e, c, f, g)
----
preorderTraversal = List(d, e, c, f, g)
inputTraversal = List(f, c, g)
rootChar = d
leftTraversalList = List(f, c, g)
----
preorderTraversal = List(e, c, f, g)
inputTraversal = List(f, c, g)
rootChar = e
leftTraversalList = List(f, c, g)
----
preorderTraversal = List(c, f, g)
inputTraversal = List(f, c, g)
rootChar = c
leftTraversalList = List(f)
----
preorderTraversal = List(f, g)
inputTraversal = List(f)
Node(f,null,null)
rightTraversal = List(g)
preorderTraversal = List(f, g)
----
preorderTraversal = List(f, g)
inputTraversal = List(g)
Node(g,null,null)
rightTraversal = List(f, c, g)
preorderTraversal = List(c, f, g)
----
preorderTraversal = List(c, f, g)
inputTraversal = List(f, c, g)
rootChar = c
leftTraversalList = List(f)
----
preorderTraversal = List(f, g)
inputTraversal = List(f)
Node(f,null,null)
rightTraversal = List(g)
preorderTraversal = List(f, g)
----
preorderTraversal = List(f, g)
inputTraversal = List(g)
Node(g,null,null)
rightTraversal = List(f, c, g)
preorderTraversal = List(e, c, f, g)
----
preorderTraversal = List(e, c, f, g)
inputTraversal = List(f, c, g)
rootChar = e
leftTraversalList = List(f, c, g)
----
preorderTraversal = List(c, f, g)
inputTraversal = List(f, c, g)
rootChar = c
leftTraversalList = List(f)
----
preorderTraversal = List(f, g)
inputTraversal = List(f)
Node(f,null,null)
rightTraversal = List(g)
preorderTraversal = List(f, g)
----
preorderTraversal = List(f, g)
inputTraversal = List(g)
Node(g,null,null)
rightTraversal = List(f, c, g)
preorderTraversal = List(c, f, g)
----
preorderTraversal = List(c, f, g)
inputTraversal = List(f, c, g)
rootChar = c
leftTraversalList = List(f)
----
preorderTraversal = List(f, g)
inputTraversal = List(f)
Node(f,null,null)
rightTraversal = List(g)
preorderTraversal = List(f, g)
----
preorderTraversal = List(f, g)
inputTraversal = List(g)
Node(g,null,null)
]]></system-out>
  <system-err><![CDATA[]]></system-err>
</testsuite>
