<?xml version="1.0" encoding="UTF-8"?>
<testsuite name="com.tfedorov.inteview.daily_coding_problem.PalantirTest" tests="3" skipped="0" failures="0" errors="0" timestamp="2025-03-12T10:44:16" hostname="C12075" time="0.015">
  <properties/>
  <testcase name="extraLengTest()" classname="com.tfedorov.inteview.daily_coding_problem.PalantirTest" time="0.008"/>
  <testcase name="extraLeng2Test()" classname="com.tfedorov.inteview.daily_coding_problem.PalantirTest" time="0.001"/>
  <testcase name="defaultTest()" classname="com.tfedorov.inteview.daily_coding_problem.PalantirTest" time="0.006"/>
  <system-out><![CDATA[]]></system-out>
  <system-err><![CDATA[]]></system-err>
</testsuite>
