<?xml version="1.0" encoding="UTF-8"?>
<testsuite name="com.tfedorov.inteview.daily_coding_problem.amazon.AmazonLinearTimeSpec" tests="2" skipped="0" failures="0" errors="0" timestamp="2025-03-12T10:45:26" hostname="C12075" time="0.01">
  <properties/>
  <testcase name="taskTestAnother()" classname="com.tfedorov.inteview.daily_coding_problem.amazon.AmazonLinearTimeSpec" time="0.005"/>
  <testcase name="taskTest()" classname="com.tfedorov.inteview.daily_coding_problem.amazon.AmazonLinearTimeSpec" time="0.004"/>
  <system-out><![CDATA[List(15, 25, 3, 8, 9, 11, 12, 13, 14)
9
List(15, 25, 3, 8)
3
List(25, 3, 8, 9, 11, 12, 13, 14, 15)
11
List(25, 3, 8, 9)
8
List(3, 8, 9, 11, 12, 13, 14, 15, 25)
12
List(3, 8, 9, 11)
9
List(3, 8)
8
List(11, 12, 13, 14, 15, 25, 3, 8, 9)
15
List(15, 25, 3, 8, 9)
3
List(3, 8, 9)
8
List(13, 18, 25, 2, 8, 10)
2
List(2, 8, 10)
8
List(18, 25, 2, 8, 10, 13)
8
List(25, 2, 8, 10, 13, 18)
10
List(25, 2, 8)
2
List(2, 8, 10, 13, 18, 25)
13
List(2, 8, 10)
8
List(8, 10, 13, 18, 25, 2)
18
List(10, 13, 18, 25, 2, 8)
25
]]></system-out>
  <system-err><![CDATA[]]></system-err>
</testsuite>
