<?xml version="1.0" encoding="UTF-8"?>
<testsuite name="com.tfedorov.inteview.daily_coding_problem.JaneStreetTest" tests="4" skipped="0" failures="0" errors="0" timestamp="2025-03-12T10:44:16" hostname="C12075" time="0.007">
  <properties/>
  <testcase name="consOurFloatTestF()" classname="com.tfedorov.inteview.daily_coding_problem.JaneStreetTest" time="0.003"/>
  <testcase name="consOurTestF()" classname="com.tfedorov.inteview.daily_coding_problem.JaneStreetTest" time="0.001"/>
  <testcase name="carTest()" classname="com.tfedorov.inteview.daily_coding_problem.JaneStreetTest" time="0.001"/>
  <testcase name="cdrTest()" classname="com.tfedorov.inteview.daily_coding_problem.JaneStreetTest" time="0.001"/>
  <system-out><![CDATA[]]></system-out>
  <system-err><![CDATA[]]></system-err>
</testsuite>
