<?xml version="1.0" encoding="UTF-8"?>
<testsuite name="com.tfedorov.inteview.daily_coding_problem.AppleTest" tests="2" skipped="0" failures="0" errors="0" timestamp="2025-03-12T10:43:56" hostname="C12075" time="20.091">
  <properties/>
  <testcase name="schedulerIntTest()" classname="com.tfedorov.inteview.daily_coding_problem.AppleTest" time="10.05"/>
  <testcase name="schedulerUnitTest()" classname="com.tfedorov.inteview.daily_coding_problem.AppleTest" time="10.029"/>
  <system-out><![CDATA[Start
Hello world
Start
Hello world
]]></system-out>
  <system-err><![CDATA[]]></system-err>
</testsuite>
