<?xml version="1.0" encoding="UTF-8"?>
<testsuite name="com.tfedorov.inteview.daily_coding_problem.facebook.FacebookTest" tests="3" skipped="0" failures="0" errors="0" timestamp="2025-03-12T10:45:26" hostname="C12075" time="0.017">
  <properties/>
  <testcase name="mapintTest2()" classname="com.tfedorov.inteview.daily_coding_problem.facebook.FacebookTest" time="0.005"/>
  <testcase name="mapintTest3()" classname="com.tfedorov.inteview.daily_coding_problem.facebook.FacebookTest" time="0.003"/>
  <testcase name="mapintTest()" classname="com.tfedorov.inteview.daily_coding_problem.facebook.FacebookTest" time="0.007"/>
  <system-out><![CDATA[]]></system-out>
  <system-err><![CDATA[]]></system-err>
</testsuite>
