<?xml version="1.0" encoding="UTF-8"?>
<testsuite name="com.tfedorov.inteview.daily_coding_problem.facebook.FacebookStreamTest" tests="1" skipped="0" failures="0" errors="0" timestamp="2025-03-12T10:45:26" hostname="C12075" time="0.154">
  <properties/>
  <testcase name="streamTest()" classname="com.tfedorov.inteview.daily_coding_problem.facebook.FacebookStreamTest" time="0.154"/>
  <system-out><![CDATA[3415
]]></system-out>
  <system-err><![CDATA[]]></system-err>
</testsuite>
