<?xml version="1.0" encoding="UTF-8"?>
<testsuite name="com.tfedorov.inteview.daily_coding_problem.microsoft.PerfectNumber" tests="1" skipped="0" failures="0" errors="0" timestamp="2025-03-12T10:45:27" hostname="C12075" time="0.008">
  <properties/>
  <testcase name="findPerfectTest()" classname="com.tfedorov.inteview.daily_coding_problem.microsoft.PerfectNumber" time="0.008"/>
  <system-out><![CDATA[]]></system-out>
  <system-err><![CDATA[]]></system-err>
</testsuite>
