<?xml version="1.0" encoding="UTF-8"?>
<testsuite name="com.tfedorov.inteview.daily_coding_problem.facebook.FacebookMinimal" tests="5" skipped="0" failures="0" errors="0" timestamp="2025-03-12T10:45:26" hostname="C12075" time="0.02">
  <properties/>
  <testcase name="cycledTreeTest()" classname="com.tfedorov.inteview.daily_coding_problem.facebook.FacebookMinimal" time="0.014"/>
  <testcase name="defaultTest()" classname="com.tfedorov.inteview.daily_coding_problem.facebook.FacebookMinimal" time="0.001"/>
  <testcase name="smallNotMinimalTest()" classname="com.tfedorov.inteview.daily_coding_problem.facebook.FacebookMinimal" time="0.001"/>
  <testcase name="minimalTest()" classname="com.tfedorov.inteview.daily_coding_problem.facebook.FacebookMinimal" time="0.0"/>
  <testcase name="smallMinimalTreeTest()" classname="com.tfedorov.inteview.daily_coding_problem.facebook.FacebookMinimal" time="0.001"/>
  <system-out><![CDATA[
cycledTree
Graph(Node(top,List(Node(LeftL1,List(Node(LeftLeftL2,List()), Node(LeftRightL2,List(Node(LeftRightL3,List()))))), Node(RightL1,List()))))
Graph(Node(top,List(Node(LeftL1,List(Node(LeftLeftL2,List()), Node(LeftRightL2,List(Node(LeftRightL3,List()))))), Node(RightL1,List(Node(LeftRightL3,List()))))))
(LeftRightL2,LeftRightL3)
(RightL1,LeftRightL3)

smallNotMinimalTree
Graph(Node(top,List(Node(LeftL1,List(Node(LeftRightL2,List(Node(LeftRightL3,List()))))), Node(RightL1,List(Node(LeftRightL3,List()))))))
(LeftRightL2,LeftRightL3)
(RightL1,LeftRightL3)

smallMinimalTree
Graph(Node(top,List(Node(LeftL1,List(Node(LeftLeftL2,List()), Node(LeftRightL2,List(Node(LeftRightL3,List()))))), Node(RightL1,List()))))
]]></system-out>
  <system-err><![CDATA[]]></system-err>
</testsuite>
