<?xml version="1.0" encoding="UTF-8"?>
<testsuite name="com.tfedorov.inteview.daily_coding_problem.google.GoogleTreeTest" tests="3" skipped="0" failures="0" errors="0" timestamp="2025-03-12T10:45:27" hostname="C12075" time="0.004">
  <properties/>
  <testcase name="treeTaksTest()" classname="com.tfedorov.inteview.daily_coding_problem.google.GoogleTreeTest" time="0.002"/>
  <testcase name="tree5Test()" classname="com.tfedorov.inteview.daily_coding_problem.google.GoogleTreeTest" time="0.0"/>
  <testcase name="tree5AllTest()" classname="com.tfedorov.inteview.daily_coding_problem.google.GoogleTreeTest" time="0.001"/>
  <system-out><![CDATA[]]></system-out>
  <system-err><![CDATA[]]></system-err>
</testsuite>
