<?xml version="1.0" encoding="UTF-8"?>
<testsuite name="com.tfedorov.inteview.daily_coding_problem.google.GoogleDirs" tests="3" skipped="0" failures="0" errors="0" timestamp="2025-03-12T10:45:27" hostname="C12075" time="0.007">
  <properties/>
  <testcase name="example1Test()" classname="com.tfedorov.inteview.daily_coding_problem.google.GoogleDirs" time="0.005"/>
  <testcase name="example2Test()" classname="com.tfedorov.inteview.daily_coding_problem.google.GoogleDirs" time="0.001"/>
  <testcase name="exampleCustomTest()" classname="com.tfedorov.inteview.daily_coding_problem.google.GoogleDirs" time="0.0"/>
  <system-out><![CDATA[]]></system-out>
  <system-err><![CDATA[]]></system-err>
</testsuite>
