<?xml version="1.0" encoding="UTF-8"?>
<testsuite name="com.tfedorov.inteview.daily_coding_problem.SnapchatTest" tests="3" skipped="0" failures="0" errors="0" timestamp="2025-03-12T10:44:16" hostname="C12075" time="0.004">
  <properties/>
  <testcase name="changedDataTest()" classname="com.tfedorov.inteview.daily_coding_problem.SnapchatTest" time="0.002"/>
  <testcase name="defaultDataTest()" classname="com.tfedorov.inteview.daily_coding_problem.SnapchatTest" time="0.0"/>
  <testcase name="changed2DataTest()" classname="com.tfedorov.inteview.daily_coding_problem.SnapchatTest" time="0.001"/>
  <system-out><![CDATA[]]></system-out>
  <system-err><![CDATA[]]></system-err>
</testsuite>
