<?xml version="1.0" encoding="UTF-8"?>
<testsuite name="com.tfedorov.inteview.daily_coding_problem.QuoraPalindromeTest" tests="4" skipped="0" failures="0" errors="0" timestamp="2025-03-12T10:44:16" hostname="C12075" time="0.012">
  <properties/>
  <testcase name="custom1Test()" classname="com.tfedorov.inteview.daily_coding_problem.QuoraPalindromeTest" time="0.006"/>
  <testcase name="custom2Test()" classname="com.tfedorov.inteview.daily_coding_problem.QuoraPalindromeTest" time="0.001"/>
  <testcase name="default1Test()" classname="com.tfedorov.inteview.daily_coding_problem.QuoraPalindromeTest" time="0.002"/>
  <testcase name="default2Test()" classname="com.tfedorov.inteview.daily_coding_problem.QuoraPalindromeTest" time="0.001"/>
  <system-out><![CDATA[]]></system-out>
  <system-err><![CDATA[]]></system-err>
</testsuite>
