<?xml version="1.0" encoding="UTF-8"?>
<testsuite name="com.tfedorov.inteview.daily_coding_problem.facebook.FacebookWaterTest" tests="3" skipped="0" failures="0" errors="0" timestamp="2025-03-12T10:45:26" hostname="C12075" time="0.005">
  <properties/>
  <testcase name="custom1Test()" classname="com.tfedorov.inteview.daily_coding_problem.facebook.FacebookWaterTest" time="0.003"/>
  <testcase name="default1Test()" classname="com.tfedorov.inteview.daily_coding_problem.facebook.FacebookWaterTest" time="0.0"/>
  <testcase name="default2Test()" classname="com.tfedorov.inteview.daily_coding_problem.facebook.FacebookWaterTest" time="0.001"/>
  <system-out><![CDATA[]]></system-out>
  <system-err><![CDATA[]]></system-err>
</testsuite>
