<?xml version="1.0" encoding="UTF-8"?>
<testsuite name="com.tfedorov.inteview.daily_coding_problem.google.GraphPathTest" tests="1" skipped="0" failures="0" errors="0" timestamp="2025-03-12T10:45:27" hostname="C12075" time="0.021">
  <properties/>
  <testcase name="graphPathTest()" classname="com.tfedorov.inteview.daily_coding_problem.google.GraphPathTest" time="0.021"/>
  <system-out><![CDATA[List(Direction(2,3,A,C), Direction(0,2,A,A))
List(Direction(3,4,C,A), Direction(2,3,A,C), Direction(0,2,A,A))
Founded:List(List(Direction(3,4,C,A), Direction(2,3,A,C), Direction(0,2,A,A)))
]]></system-out>
  <system-err><![CDATA[]]></system-err>
</testsuite>
