<?xml version="1.0" encoding="UTF-8"?>
<testsuite name="com.tfedorov.inteview.GD.Madhu" tests="2" skipped="0" failures="0" errors="0" timestamp="2025-03-12T10:43:56" hostname="C12075" time="0.003">
  <properties/>
  <testcase name="removeDuplicatesTest()" classname="com.tfedorov.inteview.GD.Madhu" time="0.001"/>
  <testcase name="removeDuplicatesDefTest()" classname="com.tfedorov.inteview.GD.Madhu" time="0.002"/>
  <system-out><![CDATA[acacef
]]></system-out>
  <system-err><![CDATA[]]></system-err>
</testsuite>
