<?xml version="1.0" encoding="UTF-8"?>
<testsuite name="com.tfedorov.inteview.daily_coding_problem.google.GoogleNodeTest" tests="1" skipped="0" failures="0" errors="0" timestamp="2025-03-12T10:45:27" hostname="C12075" time="0.001">
  <properties/>
  <testcase name="Test()" classname="com.tfedorov.inteview.daily_coding_problem.google.GoogleNodeTest" time="0.001"/>
  <system-out><![CDATA[]]></system-out>
  <system-err><![CDATA[]]></system-err>
</testsuite>
